This file contains any messages produced by compilers while
running configure, to aid debugging if configure makes a mistake.

It was created by configure, which was
generated by GNU Autoconf 2.71.  Invocation command line was

  $ ./configure

## --------- ##
## Platform. ##
## --------- ##

hostname = dmf584.resnet.ust.hk
uname -m = arm64
uname -r = 23.2.0
uname -s = Darwin
uname -v = Darwin Kernel Version 23.2.0: Wed Nov 15 21:59:33 PST 2023; root:xnu-10002.61.3~2/RELEASE_ARM64_T8112

/usr/bin/uname -p = arm
/bin/uname -X     = unknown

/bin/arch              = unknown
/usr/bin/arch -k       = unknown
/usr/convex/getsysinfo = unknown
/usr/bin/hostinfo      = Mach kernel version:
	 Darwin Kernel Version 23.2.0: Wed Nov 15 21:59:33 PST 2023; root:xnu-10002.61.3~2/RELEASE_ARM64_T8112
Kernel configured for up to 8 processors.
8 processors are physically available.
8 processors are logically available.
Processor type: arm64e (ARM64E)
Processors active: 0 1 2 3 4 5 6 7
Primary memory available: 8.00 gigabytes
Default processor set: 409 tasks, 2943 threads, 8 processors
Load average: 17.79, Mach factor: 0.41
/bin/machine           = unknown
/usr/bin/oslevel       = unknown
/bin/universe          = unknown

PATH: /opt/local/bin/
PATH: /opt/local/sbin/
PATH: /opt/homebrew/bin/
PATH: /opt/homebrew/sbin/
PATH: /usr/local/bin/
PATH: /System/Cryptexes/App/usr/bin/
PATH: /usr/bin/
PATH: /bin/
PATH: /usr/sbin/
PATH: /sbin/
PATH: /var/run/com.apple.security.cryptexd/codex.system/bootstrap/usr/local/bin/
PATH: /var/run/com.apple.security.cryptexd/codex.system/bootstrap/usr/bin/
PATH: /var/run/com.apple.security.cryptexd/codex.system/bootstrap/usr/appleinternal/bin/
PATH: /Library/TeX/texbin/
PATH: /Applications/Wireshark.app/Contents/MacOS/


## ----------- ##
## Core tests. ##
## ----------- ##

configure:3001: looking for aux files: install-sh config.guess config.sub
configure:3014:  trying ./
configure:3025:   ./install-sh found
configure:3043:   ./config.guess found
configure:3043:   ./config.sub found
configure:3166: checking build system type
configure:3181: result: arm-apple-darwin23.2.0
configure:3201: checking host system type
configure:3215: result: arm-apple-darwin23.2.0
configure:3243: checking for gawk
configure:3278: result: no
configure:3243: checking for mawk
configure:3278: result: no
configure:3243: checking for nawk
configure:3278: result: no
configure:3243: checking for awk
configure:3264: found /usr/bin/awk
configure:3275: result: awk
configure:3287: checking version of the package
configure:3291: result: 4.2.14
configure:3404: checking for gcc
configure:3425: found /usr/bin/gcc
configure:3436: result: gcc
configure:3789: checking for C compiler version
configure:3798: gcc --version >&5
Apple clang version 15.0.0 (clang-1500.1.0.2.5)
Target: arm64-apple-darwin23.2.0
Thread model: posix
InstalledDir: /Library/Developer/CommandLineTools/usr/bin
configure:3809: $? = 0
configure:3798: gcc -v >&5
Apple clang version 15.0.0 (clang-1500.1.0.2.5)
Target: arm64-apple-darwin23.2.0
Thread model: posix
InstalledDir: /Library/Developer/CommandLineTools/usr/bin
configure:3809: $? = 0
configure:3798: gcc -V >&5
clang: error: argument to '-V' is missing (expected 1 value)
clang: error: no input files
configure:3809: $? = 1
configure:3798: gcc -qversion >&5
clang: error: unknown argument '-qversion'; did you mean '--version'?
clang: error: no input files
configure:3809: $? = 1
configure:3798: gcc -version >&5
clang: error: unknown argument '-version'; did you mean '--version'?
clang: error: no input files
configure:3809: $? = 1
configure:3829: checking whether the C compiler works
configure:3851: gcc    conftest.c  >&5
configure:3855: $? = 0
configure:3905: result: yes
configure:3908: checking for C compiler default output file name
configure:3910: result: a.out
configure:3916: checking for suffix of executables
configure:3923: gcc -o conftest    conftest.c  >&5
configure:3927: $? = 0
configure:3950: result: 
configure:3972: checking whether we are cross compiling
configure:3980: gcc -o conftest    conftest.c  >&5
configure:3984: $? = 0
configure:3991: ./conftest
configure:3995: $? = 0
configure:4010: result: no
configure:4015: checking for suffix of object files
configure:4038: gcc -c   conftest.c >&5
configure:4042: $? = 0
configure:4064: result: o
configure:4068: checking whether the compiler supports GNU C
configure:4088: gcc -c   conftest.c >&5
configure:4088: $? = 0
configure:4098: result: yes
configure:4109: checking whether gcc accepts -g
configure:4130: gcc -c -g  conftest.c >&5
configure:4130: $? = 0
configure:4174: result: yes
configure:4194: checking for gcc option to enable C11 features
configure:4209: gcc  -c -g -O2  conftest.c >&5
conftest.c:27:14: warning: a function definition without a prototype is deprecated in all versions of C and is not supported in C2x [-Wdeprecated-non-prototype]
static char *e (p, i)
             ^
1 warning generated.
configure:4209: $? = 0
configure:4227: result: none needed
configure:4342: checking how to run the C preprocessor
configure:4368: gcc -E  conftest.c
configure:4368: $? = 0
configure:4383: gcc -E  conftest.c
conftest.c:13:10: fatal error: 'ac_nonexistent.h' file not found
#include <ac_nonexistent.h>
         ^~~~~~~~~~~~~~~~~~
1 error generated.
configure:4383: $? = 1
configure: failed program was:
| /* confdefs.h */
| #define PACKAGE_NAME ""
| #define PACKAGE_TARNAME ""
| #define PACKAGE_VERSION ""
| #define PACKAGE_STRING ""
| #define PACKAGE_BUGREPORT ""
| #define PACKAGE_URL ""
| #define SDCC_VERSION_LO 2
| #define SDCC_VERSION_HI 4
| #define SDCC_VERSION_P 14
| #define SDCC_VERSION_STR "4.2.14"
| /* end confdefs.h.  */
| #include <ac_nonexistent.h>
configure:4410: result: gcc -E
configure:4424: gcc -E  conftest.c
configure:4424: $? = 0
configure:4439: gcc -E  conftest.c
conftest.c:13:10: fatal error: 'ac_nonexistent.h' file not found
#include <ac_nonexistent.h>
         ^~~~~~~~~~~~~~~~~~
1 error generated.
configure:4439: $? = 1
configure: failed program was:
| /* confdefs.h */
| #define PACKAGE_NAME ""
| #define PACKAGE_TARNAME ""
| #define PACKAGE_VERSION ""
| #define PACKAGE_STRING ""
| #define PACKAGE_BUGREPORT ""
| #define PACKAGE_URL ""
| #define SDCC_VERSION_LO 2
| #define SDCC_VERSION_HI 4
| #define SDCC_VERSION_P 14
| #define SDCC_VERSION_STR "4.2.14"
| /* end confdefs.h.  */
| #include <ac_nonexistent.h>
configure:4538: checking for g++
configure:4559: found /usr/bin/g++
configure:4570: result: g++
configure:4597: checking for C++ compiler version
configure:4606: g++ --version >&5
Apple clang version 15.0.0 (clang-1500.1.0.2.5)
Target: arm64-apple-darwin23.2.0
Thread model: posix
InstalledDir: /Library/Developer/CommandLineTools/usr/bin
configure:4617: $? = 0
configure:4606: g++ -v >&5
Apple clang version 15.0.0 (clang-1500.1.0.2.5)
Target: arm64-apple-darwin23.2.0
Thread model: posix
InstalledDir: /Library/Developer/CommandLineTools/usr/bin
configure:4617: $? = 0
configure:4606: g++ -V >&5
clang: error: argument to '-V' is missing (expected 1 value)
clang: error: no input files
configure:4617: $? = 1
configure:4606: g++ -qversion >&5
clang: error: unknown argument '-qversion'; did you mean '--version'?
clang: error: no input files
configure:4617: $? = 1
configure:4621: checking whether the compiler supports GNU C++
configure:4641: g++ -c   conftest.cpp >&5
configure:4641: $? = 0
configure:4651: result: yes
configure:4662: checking whether g++ accepts -g
configure:4683: g++ -c -g  conftest.cpp >&5
configure:4683: $? = 0
configure:4727: result: yes
configure:4747: checking for g++ option to enable C++11 features
configure:4762: g++  -c -g -O2  conftest.cpp >&5
conftest.cpp:59:3: error: "Compiler does not advertise C++11 conformance"
# error "Compiler does not advertise C++11 conformance"
  ^
conftest.cpp:64:3: error: unknown type name 'constexpr'
  constexpr int get_val() { return 20; }
  ^
conftest.cpp:76:17: error: delegating constructors are permitted only in C++11
    delegate(): delegate(2354) {}
                ^~~~~~~~
conftest.cpp:87:26: warning: 'override' keyword is a C++11 extension [-Wc++11-extensions]
    virtual int getval() override final { return this->n * 2; }
                         ^
conftest.cpp:87:35: warning: 'final' keyword is a C++11 extension [-Wc++11-extensions]
    virtual int getval() override final { return this->n * 2; }
                                  ^
conftest.cpp:94:16: warning: defaulted function definitions are a C++11 extension [-Wc++11-extensions]
    nocopy() = default;
               ^
conftest.cpp:95:29: warning: deleted function definitions are a C++11 extension [-Wc++11-extensions]
    nocopy(const nocopy&) = delete;
                            ^
conftest.cpp:96:41: warning: deleted function definitions are a C++11 extension [-Wc++11-extensions]
    nocopy & operator=(const nocopy&) = delete;
                                        ^
conftest.cpp:108:25: warning: 'auto' type specifier is a C++11 extension [-Wc++11-extensions]
  template <typename V> auto sum(V first) -> V
                        ^
conftest.cpp:108:25: error: 'auto' not allowed in function return type
  template <typename V> auto sum(V first) -> V
                        ^~~~
conftest.cpp:108:42: error: expected ';' at end of declaration
  template <typename V> auto sum(V first) -> V
                                         ^
                                         ;
conftest.cpp:108:43: error: cannot use arrow operator on a type
  template <typename V> auto sum(V first) -> V
                                          ^
conftest.cpp:112:33: warning: variadic templates are a C++11 extension [-Wc++11-extensions]
  template <typename V, typename... Args> auto sum(V first, Args... rest) -> V
                                ^
conftest.cpp:112:43: warning: 'auto' type specifier is a C++11 extension [-Wc++11-extensions]
  template <typename V, typename... Args> auto sum(V first, Args... rest) -> V
                                          ^
conftest.cpp:112:43: error: 'auto' not allowed in function return type
  template <typename V, typename... Args> auto sum(V first, Args... rest) -> V
                                          ^~~~
conftest.cpp:112:74: error: expected ';' at end of declaration
  template <typename V, typename... Args> auto sum(V first, Args... rest) -> V
                                                                         ^
                                                                         ;
conftest.cpp:112:75: error: cannot use arrow operator on a type
  template <typename V, typename... Args> auto sum(V first, Args... rest) -> V
                                                                          ^
conftest.cpp:136:3: warning: 'auto' type specifier is a C++11 extension [-Wc++11-extensions]
  auto a1 = 6538;
  ^
conftest.cpp:137:3: warning: 'auto' type specifier is a C++11 extension [-Wc++11-extensions]
  auto a2 = 48573953.4;
  ^
conftest.cpp:138:3: warning: 'auto' type specifier is a C++11 extension [-Wc++11-extensions]
  auto a3 = "String literal";
  ^
conftest.cpp:141:8: warning: 'auto' type specifier is a C++11 extension [-Wc++11-extensions]
  for (auto i = a3; *i; ++i) { total += *i; }
       ^
conftest.cpp:157:8: warning: 'auto' type specifier is a C++11 extension [-Wc++11-extensions]
  for (auto &x : array) { x += 23; }
       ^
conftest.cpp:157:16: warning: range-based for loop is a C++11 extension [-Wc++11-extensions]
  for (auto &x : array) { x += 23; }
               ^
conftest.cpp:162:17: error: expected expression
  assert (eval ([](int x) { return x*2; }, 21) == 42);
                ^
conftest.cpp:164:17: error: expected expression
  assert (eval ([&](double x) { return d += x; }, 3.0) == 5.0);
                ^
conftest.cpp:166:17: error: expected expression
  assert (eval ([=](double x) mutable { return d += x; }, 4.0) == 9.0);
                ^
conftest.cpp:172:3: warning: 'auto' type specifier is a C++11 extension [-Wc++11-extensions]
  auto a = sum(1);
  ^
conftest.cpp:172:12: error: no matching function for call to 'sum'
  auto a = sum(1);
           ^~~
conftest.cpp:173:3: warning: 'auto' type specifier is a C++11 extension [-Wc++11-extensions]
  auto b = sum(1, 2);
  ^
conftest.cpp:173:12: error: no matching function for call to 'sum'
  auto b = sum(1, 2);
           ^~~
conftest.cpp:174:3: warning: 'auto' type specifier is a C++11 extension [-Wc++11-extensions]
  auto c = sum(1.0, 2.0, 3.0);
  ^
conftest.cpp:174:12: error: no matching function for call to 'sum'
  auto c = sum(1.0, 2.0, 3.0);
           ^~~
conftest.cpp:179:25: warning: empty parentheses interpreted as a function declaration [-Wvexing-parse]
  cxx11test::delegate d2();
                        ^~
conftest.cpp:179:25: note: remove parentheses to declare a variable
  cxx11test::delegate d2();
                        ^~
conftest.cpp:192:16: error: found '<::' after a template name which forms the digraph '<:' (aka '[') and a ':', did you mean '< ::'?
  test_template<::test_template<int>> v(test_template<int>(12));
               ^~~
               < ::
conftest.cpp:192:36: error: a space is required between consecutive right angle brackets (use '> >')
  test_template<::test_template<int>> v(test_template<int>(12));
                                   ^~
                                   > >
conftest.cpp:196:22: error: use of undeclared identifier 'u8'
  char const *utf8 = u8"UTF-8 string \u2500";
                     ^
conftest.cpp:196:24: error: expected ';' at end of declaration
  char const *utf8 = u8"UTF-8 string \u2500";
                       ^
                       ;
fatal error: too many errors emitted, stopping now [-ferror-limit=]
18 warnings and 20 errors generated.
configure:4762: $? = 1
configure: failed program was:
| /* confdefs.h */
| #define PACKAGE_NAME ""
| #define PACKAGE_TARNAME ""
| #define PACKAGE_VERSION ""
| #define PACKAGE_STRING ""
| #define PACKAGE_BUGREPORT ""
| #define PACKAGE_URL ""
| #define SDCC_VERSION_LO 2
| #define SDCC_VERSION_HI 4
| #define SDCC_VERSION_P 14
| #define SDCC_VERSION_STR "4.2.14"
| /* end confdefs.h.  */
| 
| // Does the compiler advertise C++98 conformance?
| #if !defined __cplusplus || __cplusplus < 199711L
| # error "Compiler does not advertise C++98 conformance"
| #endif
| 
| // These inclusions are to reject old compilers that
| // lack the unsuffixed header files.
| #include <cstdlib>
| #include <exception>
| 
| // <cassert> and <cstring> are *not* freestanding headers in C++98.
| extern void assert (int);
| namespace std {
|   extern int strcmp (const char *, const char *);
| }
| 
| // Namespaces, exceptions, and templates were all added after "C++ 2.0".
| using std::exception;
| using std::strcmp;
| 
| namespace {
| 
| void test_exception_syntax()
| {
|   try {
|     throw "test";
|   } catch (const char *s) {
|     // Extra parentheses suppress a warning when building autoconf itself,
|     // due to lint rules shared with more typical C programs.
|     assert (!(strcmp) (s, "test"));
|   }
| }
| 
| template <typename T> struct test_template
| {
|   T const val;
|   explicit test_template(T t) : val(t) {}
|   template <typename U> T add(U u) { return static_cast<T>(u) + val; }
| };
| 
| } // anonymous namespace
| 
| 
| // Does the compiler advertise C++ 2011 conformance?
| #if !defined __cplusplus || __cplusplus < 201103L
| # error "Compiler does not advertise C++11 conformance"
| #endif
| 
| namespace cxx11test
| {
|   constexpr int get_val() { return 20; }
| 
|   struct testinit
|   {
|     int i;
|     double d;
|   };
| 
|   class delegate
|   {
|   public:
|     delegate(int n) : n(n) {}
|     delegate(): delegate(2354) {}
| 
|     virtual int getval() { return this->n; };
|   protected:
|     int n;
|   };
| 
|   class overridden : public delegate
|   {
|   public:
|     overridden(int n): delegate(n) {}
|     virtual int getval() override final { return this->n * 2; }
|   };
| 
|   class nocopy
|   {
|   public:
|     nocopy(int i): i(i) {}
|     nocopy() = default;
|     nocopy(const nocopy&) = delete;
|     nocopy & operator=(const nocopy&) = delete;
|   private:
|     int i;
|   };
| 
|   // for testing lambda expressions
|   template <typename Ret, typename Fn> Ret eval(Fn f, Ret v)
|   {
|     return f(v);
|   }
| 
|   // for testing variadic templates and trailing return types
|   template <typename V> auto sum(V first) -> V
|   {
|     return first;
|   }
|   template <typename V, typename... Args> auto sum(V first, Args... rest) -> V
|   {
|     return first + sum(rest...);
|   }
| }
| 
| 
| int
| main (int argc, char **argv)
| {
|   int ok = 0;
|   
|   assert (argc);
|   assert (! argv[0]);
| {
|   test_exception_syntax ();
|   test_template<double> tt (2.0);
|   assert (tt.add (4) == 6.0);
|   assert (true && !false);
| }
| 
|   
| {
|   // Test auto and decltype
|   auto a1 = 6538;
|   auto a2 = 48573953.4;
|   auto a3 = "String literal";
| 
|   int total = 0;
|   for (auto i = a3; *i; ++i) { total += *i; }
| 
|   decltype(a2) a4 = 34895.034;
| }
| {
|   // Test constexpr
|   short sa[cxx11test::get_val()] = { 0 };
| }
| {
|   // Test initializer lists
|   cxx11test::testinit il = { 4323, 435234.23544 };
| }
| {
|   // Test range-based for
|   int array[] = {9, 7, 13, 15, 4, 18, 12, 10, 5, 3,
|                  14, 19, 17, 8, 6, 20, 16, 2, 11, 1};
|   for (auto &x : array) { x += 23; }
| }
| {
|   // Test lambda expressions
|   using cxx11test::eval;
|   assert (eval ([](int x) { return x*2; }, 21) == 42);
|   double d = 2.0;
|   assert (eval ([&](double x) { return d += x; }, 3.0) == 5.0);
|   assert (d == 5.0);
|   assert (eval ([=](double x) mutable { return d += x; }, 4.0) == 9.0);
|   assert (d == 5.0);
| }
| {
|   // Test use of variadic templates
|   using cxx11test::sum;
|   auto a = sum(1);
|   auto b = sum(1, 2);
|   auto c = sum(1.0, 2.0, 3.0);
| }
| {
|   // Test constructor delegation
|   cxx11test::delegate d1;
|   cxx11test::delegate d2();
|   cxx11test::delegate d3(45);
| }
| {
|   // Test override and final
|   cxx11test::overridden o1(55464);
| }
| {
|   // Test nullptr
|   char *c = nullptr;
| }
| {
|   // Test template brackets
|   test_template<::test_template<int>> v(test_template<int>(12));
| }
| {
|   // Unicode literals
|   char const *utf8 = u8"UTF-8 string \u2500";
|   char16_t const *utf16 = u"UTF-8 string \u2500";
|   char32_t const *utf32 = U"UTF-32 string \u2500";
| }
| 
|   return ok;
| }
| 
configure:4780: result: none needed
configure:4859: checking for a BSD-compatible install
configure:4932: result: /usr/bin/install -c
configure:4991: checking for ranlib
configure:5012: found /usr/bin/ranlib
configure:5023: result: ranlib
configure:5047: checking for autoconf
configure:5068: found /opt/homebrew/bin/autoconf
configure:5080: result: autoconf
configure:5090: checking for strip
configure:5111: found /usr/bin/strip
configure:5123: result: strip
configure:5133: checking for as
configure:5154: found /usr/bin/as
configure:5166: result: as
configure:5176: checking for cp
configure:5197: found /bin/cp
configure:5209: result: cp
configure:5219: checking for ar
configure:5240: found /usr/bin/ar
configure:5252: result: ar
configure:5262: checking for gm4
configure:5283: found /usr/bin/gm4
configure:5295: result: gm4
configure:5308: checking for flex
configure:5329: found /usr/bin/flex
configure:5340: result: flex
configure:5357: checking for bison
configure:5378: found /usr/bin/bison
configure:5389: result: bison -y
configure:5439: checking for a Python interpreter with version >= 2.7
configure:5457: python -c import sys # split strings by '.' and convert to numeric. Append some zeros # because we need at least 4 digits for the hex conversion. # map returns an iterator in Python 3.0 and a list in 2.x minver = list(map(int, '2.7'.split('.'))) + [0, 0, 0] minverhex = 0 # xrange is not present in Python 3.0 and range returns an iterator for i in list(range(0, 4)): minverhex = (minverhex << 8) + minver[i] sys.exit(sys.hexversion < minverhex)
./configure: line 5458: python: command not found
configure:5460: $? = 127
configure:5457: python2 -c import sys # split strings by '.' and convert to numeric. Append some zeros # because we need at least 4 digits for the hex conversion. # map returns an iterator in Python 3.0 and a list in 2.x minver = list(map(int, '2.7'.split('.'))) + [0, 0, 0] minverhex = 0 # xrange is not present in Python 3.0 and range returns an iterator for i in list(range(0, 4)): minverhex = (minverhex << 8) + minver[i] sys.exit(sys.hexversion < minverhex)
./configure: line 5458: python2: command not found
configure:5460: $? = 127
configure:5457: python3 -c import sys # split strings by '.' and convert to numeric. Append some zeros # because we need at least 4 digits for the hex conversion. # map returns an iterator in Python 3.0 and a list in 2.x minver = list(map(int, '2.7'.split('.'))) + [0, 0, 0] minverhex = 0 # xrange is not present in Python 3.0 and range returns an iterator for i in list(range(0, 4)): minverhex = (minverhex << 8) + minver[i] sys.exit(sys.hexversion < minverhex)
configure:5460: $? = 0
configure:5467: result: python3
configure:5475: checking for python3
configure:5498: found /opt/local/bin/python3
configure:5510: result: /opt/local/bin/python3
configure:5528: checking for python3 version
configure:5536: result: 3.12
configure:5548: checking for python3 platform
configure:5556: result: darwin
configure:5582: checking for python3 script directory
configure:5618: result: ${prefix}/lib/python3.12/site-packages
configure:5627: checking for python3 extension module directory
configure:5663: result: ${exec_prefix}/lib/python3.12/site-packages
configure:5700: checking for stdio.h
configure:5700: gcc -c -g -O2  conftest.c >&5
configure:5700: $? = 0
configure:5700: result: yes
configure:5700: checking for stdlib.h
configure:5700: gcc -c -g -O2  conftest.c >&5
configure:5700: $? = 0
configure:5700: result: yes
configure:5700: checking for string.h
configure:5700: gcc -c -g -O2  conftest.c >&5
configure:5700: $? = 0
configure:5700: result: yes
configure:5700: checking for inttypes.h
configure:5700: gcc -c -g -O2  conftest.c >&5
configure:5700: $? = 0
configure:5700: result: yes
configure:5700: checking for stdint.h
configure:5700: gcc -c -g -O2  conftest.c >&5
configure:5700: $? = 0
configure:5700: result: yes
configure:5700: checking for strings.h
configure:5700: gcc -c -g -O2  conftest.c >&5
configure:5700: $? = 0
configure:5700: result: yes
configure:5700: checking for sys/stat.h
configure:5700: gcc -c -g -O2  conftest.c >&5
configure:5700: $? = 0
configure:5700: result: yes
configure:5700: checking for sys/types.h
configure:5700: gcc -c -g -O2  conftest.c >&5
configure:5700: $? = 0
configure:5700: result: yes
configure:5700: checking for unistd.h
configure:5700: gcc -c -g -O2  conftest.c >&5
configure:5700: $? = 0
configure:5700: result: yes
configure:5725: checking for endian.h
configure:5725: gcc -c -g -O2  conftest.c >&5
conftest.c:51:10: fatal error: 'endian.h' file not found
#include <endian.h>
         ^~~~~~~~~~
1 error generated.
configure:5725: $? = 1
configure: failed program was:
| /* confdefs.h */
| #define PACKAGE_NAME ""
| #define PACKAGE_TARNAME ""
| #define PACKAGE_VERSION ""
| #define PACKAGE_STRING ""
| #define PACKAGE_BUGREPORT ""
| #define PACKAGE_URL ""
| #define SDCC_VERSION_LO 2
| #define SDCC_VERSION_HI 4
| #define SDCC_VERSION_P 14
| #define SDCC_VERSION_STR "4.2.14"
| #define HAVE_STDIO_H 1
| #define HAVE_STDLIB_H 1
| #define HAVE_STRING_H 1
| #define HAVE_INTTYPES_H 1
| #define HAVE_STDINT_H 1
| #define HAVE_STRINGS_H 1
| #define HAVE_SYS_STAT_H 1
| #define HAVE_SYS_TYPES_H 1
| #define HAVE_UNISTD_H 1
| #define STDC_HEADERS 1
| /* end confdefs.h.  */
| #include <stddef.h>
| #ifdef HAVE_STDIO_H
| # include <stdio.h>
| #endif
| #ifdef HAVE_STDLIB_H
| # include <stdlib.h>
| #endif
| #ifdef HAVE_STRING_H
| # include <string.h>
| #endif
| #ifdef HAVE_INTTYPES_H
| # include <inttypes.h>
| #endif
| #ifdef HAVE_STDINT_H
| # include <stdint.h>
| #endif
| #ifdef HAVE_STRINGS_H
| # include <strings.h>
| #endif
| #ifdef HAVE_SYS_TYPES_H
| # include <sys/types.h>
| #endif
| #ifdef HAVE_SYS_STAT_H
| # include <sys/stat.h>
| #endif
| #ifdef HAVE_UNISTD_H
| # include <unistd.h>
| #endif
| #include <endian.h>
configure:5725: result: no
configure:5731: checking for sys/endian.h
configure:5731: gcc -c -g -O2  conftest.c >&5
conftest.c:51:10: fatal error: 'sys/endian.h' file not found
#include <sys/endian.h>
         ^~~~~~~~~~~~~~
1 error generated.
configure:5731: $? = 1
configure: failed program was:
| /* confdefs.h */
| #define PACKAGE_NAME ""
| #define PACKAGE_TARNAME ""
| #define PACKAGE_VERSION ""
| #define PACKAGE_STRING ""
| #define PACKAGE_BUGREPORT ""
| #define PACKAGE_URL ""
| #define SDCC_VERSION_LO 2
| #define SDCC_VERSION_HI 4
| #define SDCC_VERSION_P 14
| #define SDCC_VERSION_STR "4.2.14"
| #define HAVE_STDIO_H 1
| #define HAVE_STDLIB_H 1
| #define HAVE_STRING_H 1
| #define HAVE_INTTYPES_H 1
| #define HAVE_STDINT_H 1
| #define HAVE_STRINGS_H 1
| #define HAVE_SYS_STAT_H 1
| #define HAVE_SYS_TYPES_H 1
| #define HAVE_UNISTD_H 1
| #define STDC_HEADERS 1
| /* end confdefs.h.  */
| #include <stddef.h>
| #ifdef HAVE_STDIO_H
| # include <stdio.h>
| #endif
| #ifdef HAVE_STDLIB_H
| # include <stdlib.h>
| #endif
| #ifdef HAVE_STRING_H
| # include <string.h>
| #endif
| #ifdef HAVE_INTTYPES_H
| # include <inttypes.h>
| #endif
| #ifdef HAVE_STDINT_H
| # include <stdint.h>
| #endif
| #ifdef HAVE_STRINGS_H
| # include <strings.h>
| #endif
| #ifdef HAVE_SYS_TYPES_H
| # include <sys/types.h>
| #endif
| #ifdef HAVE_SYS_STAT_H
| # include <sys/stat.h>
| #endif
| #ifdef HAVE_UNISTD_H
| # include <unistd.h>
| #endif
| #include <sys/endian.h>
configure:5731: result: no
configure:5737: checking for machine/endian.h
configure:5737: gcc -c -g -O2  conftest.c >&5
configure:5737: $? = 0
configure:5737: result: yes
configure:5743: checking for sys/isa_defs.h
configure:5743: gcc -c -g -O2  conftest.c >&5
conftest.c:52:10: fatal error: 'sys/isa_defs.h' file not found
#include <sys/isa_defs.h>
         ^~~~~~~~~~~~~~~~
1 error generated.
configure:5743: $? = 1
configure: failed program was:
| /* confdefs.h */
| #define PACKAGE_NAME ""
| #define PACKAGE_TARNAME ""
| #define PACKAGE_VERSION ""
| #define PACKAGE_STRING ""
| #define PACKAGE_BUGREPORT ""
| #define PACKAGE_URL ""
| #define SDCC_VERSION_LO 2
| #define SDCC_VERSION_HI 4
| #define SDCC_VERSION_P 14
| #define SDCC_VERSION_STR "4.2.14"
| #define HAVE_STDIO_H 1
| #define HAVE_STDLIB_H 1
| #define HAVE_STRING_H 1
| #define HAVE_INTTYPES_H 1
| #define HAVE_STDINT_H 1
| #define HAVE_STRINGS_H 1
| #define HAVE_SYS_STAT_H 1
| #define HAVE_SYS_TYPES_H 1
| #define HAVE_UNISTD_H 1
| #define STDC_HEADERS 1
| #define HAVE_MACHINE_ENDIAN_H 1
| /* end confdefs.h.  */
| #include <stddef.h>
| #ifdef HAVE_STDIO_H
| # include <stdio.h>
| #endif
| #ifdef HAVE_STDLIB_H
| # include <stdlib.h>
| #endif
| #ifdef HAVE_STRING_H
| # include <string.h>
| #endif
| #ifdef HAVE_INTTYPES_H
| # include <inttypes.h>
| #endif
| #ifdef HAVE_STDINT_H
| # include <stdint.h>
| #endif
| #ifdef HAVE_STRINGS_H
| # include <strings.h>
| #endif
| #ifdef HAVE_SYS_TYPES_H
| # include <sys/types.h>
| #endif
| #ifdef HAVE_SYS_STAT_H
| # include <sys/stat.h>
| #endif
| #ifdef HAVE_UNISTD_H
| # include <unistd.h>
| #endif
| #include <sys/isa_defs.h>
configure:5743: result: no
configure:5750: checking for uchar.h
configure:5750: gcc -c -g -O2  conftest.c >&5
conftest.c:52:10: fatal error: 'uchar.h' file not found
#include <uchar.h>
         ^~~~~~~~~
1 error generated.
configure:5750: $? = 1
configure: failed program was:
| /* confdefs.h */
| #define PACKAGE_NAME ""
| #define PACKAGE_TARNAME ""
| #define PACKAGE_VERSION ""
| #define PACKAGE_STRING ""
| #define PACKAGE_BUGREPORT ""
| #define PACKAGE_URL ""
| #define SDCC_VERSION_LO 2
| #define SDCC_VERSION_HI 4
| #define SDCC_VERSION_P 14
| #define SDCC_VERSION_STR "4.2.14"
| #define HAVE_STDIO_H 1
| #define HAVE_STDLIB_H 1
| #define HAVE_STRING_H 1
| #define HAVE_INTTYPES_H 1
| #define HAVE_STDINT_H 1
| #define HAVE_STRINGS_H 1
| #define HAVE_SYS_STAT_H 1
| #define HAVE_SYS_TYPES_H 1
| #define HAVE_UNISTD_H 1
| #define STDC_HEADERS 1
| #define HAVE_MACHINE_ENDIAN_H 1
| /* end confdefs.h.  */
| #include <stddef.h>
| #ifdef HAVE_STDIO_H
| # include <stdio.h>
| #endif
| #ifdef HAVE_STDLIB_H
| # include <stdlib.h>
| #endif
| #ifdef HAVE_STRING_H
| # include <string.h>
| #endif
| #ifdef HAVE_INTTYPES_H
| # include <inttypes.h>
| #endif
| #ifdef HAVE_STDINT_H
| # include <stdint.h>
| #endif
| #ifdef HAVE_STRINGS_H
| # include <strings.h>
| #endif
| #ifdef HAVE_SYS_TYPES_H
| # include <sys/types.h>
| #endif
| #ifdef HAVE_SYS_STAT_H
| # include <sys/stat.h>
| #endif
| #ifdef HAVE_UNISTD_H
| # include <unistd.h>
| #endif
| #include <uchar.h>
configure:5750: result: no
configure:5766: checking for treedec/combinations.hpp
configure:5766: g++ -c -g -O2  conftest.cpp >&5
conftest.cpp:52:10: fatal error: 'treedec/combinations.hpp' file not found
#include <treedec/combinations.hpp>
         ^~~~~~~~~~~~~~~~~~~~~~~~~~
1 error generated.
configure:5766: $? = 1
configure: failed program was:
| /* confdefs.h */
| #define PACKAGE_NAME ""
| #define PACKAGE_TARNAME ""
| #define PACKAGE_VERSION ""
| #define PACKAGE_STRING ""
| #define PACKAGE_BUGREPORT ""
| #define PACKAGE_URL ""
| #define SDCC_VERSION_LO 2
| #define SDCC_VERSION_HI 4
| #define SDCC_VERSION_P 14
| #define SDCC_VERSION_STR "4.2.14"
| #define HAVE_STDIO_H 1
| #define HAVE_STDLIB_H 1
| #define HAVE_STRING_H 1
| #define HAVE_INTTYPES_H 1
| #define HAVE_STDINT_H 1
| #define HAVE_STRINGS_H 1
| #define HAVE_SYS_STAT_H 1
| #define HAVE_SYS_TYPES_H 1
| #define HAVE_UNISTD_H 1
| #define STDC_HEADERS 1
| #define HAVE_MACHINE_ENDIAN_H 1
| /* end confdefs.h.  */
| #include <stddef.h>
| #ifdef HAVE_STDIO_H
| # include <stdio.h>
| #endif
| #ifdef HAVE_STDLIB_H
| # include <stdlib.h>
| #endif
| #ifdef HAVE_STRING_H
| # include <string.h>
| #endif
| #ifdef HAVE_INTTYPES_H
| # include <inttypes.h>
| #endif
| #ifdef HAVE_STDINT_H
| # include <stdint.h>
| #endif
| #ifdef HAVE_STRINGS_H
| # include <strings.h>
| #endif
| #ifdef HAVE_SYS_TYPES_H
| # include <sys/types.h>
| #endif
| #ifdef HAVE_SYS_STAT_H
| # include <sys/stat.h>
| #endif
| #ifdef HAVE_UNISTD_H
| # include <unistd.h>
| #endif
| #include <treedec/combinations.hpp>
configure:5766: result: no
configure:5772: treedec library missing, falling back to Thorup.
configure:5777: checking for gala/graph.h
configure:5777: g++ -c -g -O2  conftest.cpp >&5
conftest.cpp:52:10: fatal error: 'gala/graph.h' file not found
#include <gala/graph.h>
         ^~~~~~~~~~~~~~
1 error generated.
configure:5777: $? = 1
configure: failed program was:
| /* confdefs.h */
| #define PACKAGE_NAME ""
| #define PACKAGE_TARNAME ""
| #define PACKAGE_VERSION ""
| #define PACKAGE_STRING ""
| #define PACKAGE_BUGREPORT ""
| #define PACKAGE_URL ""
| #define SDCC_VERSION_LO 2
| #define SDCC_VERSION_HI 4
| #define SDCC_VERSION_P 14
| #define SDCC_VERSION_STR "4.2.14"
| #define HAVE_STDIO_H 1
| #define HAVE_STDLIB_H 1
| #define HAVE_STRING_H 1
| #define HAVE_INTTYPES_H 1
| #define HAVE_STDINT_H 1
| #define HAVE_STRINGS_H 1
| #define HAVE_SYS_STAT_H 1
| #define HAVE_SYS_TYPES_H 1
| #define HAVE_UNISTD_H 1
| #define STDC_HEADERS 1
| #define HAVE_MACHINE_ENDIAN_H 1
| /* end confdefs.h.  */
| #include <stddef.h>
| #ifdef HAVE_STDIO_H
| # include <stdio.h>
| #endif
| #ifdef HAVE_STDLIB_H
| # include <stdlib.h>
| #endif
| #ifdef HAVE_STRING_H
| # include <string.h>
| #endif
| #ifdef HAVE_INTTYPES_H
| # include <inttypes.h>
| #endif
| #ifdef HAVE_STDINT_H
| # include <stdint.h>
| #endif
| #ifdef HAVE_STRINGS_H
| # include <strings.h>
| #endif
| #ifdef HAVE_SYS_TYPES_H
| # include <sys/types.h>
| #endif
| #ifdef HAVE_SYS_STAT_H
| # include <sys/stat.h>
| #endif
| #ifdef HAVE_UNISTD_H
| # include <unistd.h>
| #endif
| #include <gala/graph.h>
configure:5777: result: no
configure:5786: checking for boost/graph/adjacency_list.hpp
configure:5786: g++ -c -g -O2  conftest.cpp >&5
In file included from conftest.cpp:52:
In file included from /usr/local/include/boost/graph/adjacency_list.hpp:20:
In file included from /usr/local/include/boost/unordered_set.hpp:17:
In file included from /usr/local/include/boost/unordered/unordered_set.hpp:17:
In file included from /usr/local/include/boost/unordered/detail/serialize_fca_container.hpp:12:
In file included from /usr/local/include/boost/unordered/detail/serialize_container.hpp:14:
In file included from /usr/local/include/boost/unordered/detail/archive_constructed.hpp:12:
/usr/local/include/boost/unordered/detail/opt_storage.hpp:23:21: error: expected ';' at end of declaration list
        T* address() noexcept { return std::addressof(t_); }
                    ^
                    ;
In file included from conftest.cpp:52:
In file included from /usr/local/include/boost/graph/adjacency_list.hpp:20:
In file included from /usr/local/include/boost/unordered_set.hpp:17:
In file included from /usr/local/include/boost/unordered/unordered_set.hpp:18:
In file included from /usr/local/include/boost/unordered/detail/set.hpp:7:
In file included from /usr/local/include/boost/unordered/detail/implementation.hpp:17:
In file included from /usr/local/include/boost/unordered/detail/fca.hpp:116:
In file included from /usr/local/include/boost/unordered/detail/prime_fmod.hpp:10:
/usr/local/include/boost/unordered/detail/narrow_cast.hpp:22:1: error: unknown type name 'constexpr'
constexpr To narrow_cast(From x) noexcept
^
/usr/local/include/boost/unordered/detail/narrow_cast.hpp:22:11: warning: variable templates are a C++14 extension [-Wc++14-extensions]
constexpr To narrow_cast(From x) noexcept
          ^
/usr/local/include/boost/unordered/detail/narrow_cast.hpp:22:13: error: expected ';' at end of declaration
constexpr To narrow_cast(From x) noexcept
            ^
            ;
/usr/local/include/boost/unordered/detail/narrow_cast.hpp:22:26: error: unknown type name 'From'
constexpr To narrow_cast(From x) noexcept
                         ^
/usr/local/include/boost/unordered/detail/narrow_cast.hpp:22:34: error: expected function body after function declarator
constexpr To narrow_cast(From x) noexcept
                                 ^
In file included from conftest.cpp:52:
In file included from /usr/local/include/boost/graph/adjacency_list.hpp:20:
In file included from /usr/local/include/boost/unordered_set.hpp:17:
In file included from /usr/local/include/boost/unordered/unordered_set.hpp:18:
In file included from /usr/local/include/boost/unordered/detail/set.hpp:7:
In file included from /usr/local/include/boost/unordered/detail/implementation.hpp:17:
In file included from /usr/local/include/boost/unordered/detail/fca.hpp:116:
/usr/local/include/boost/unordered/detail/prime_fmod.hpp:37:9: error: unknown type name 'constexpr'
        constexpr static std::size_t const sizes[] = {13ul, 29ul, 53ul, 97ul,
        ^
/usr/local/include/boost/unordered/detail/prime_fmod.hpp:37:31: error: non-friend class member 'size_t' cannot have a qualified name
        constexpr static std::size_t const sizes[] = {13ul, 29ul, 53ul, 97ul,
                         ~~~~~^
/usr/local/include/boost/unordered/detail/prime_fmod.hpp:37:31: error: no member named 'size_t' in namespace 'std'
        constexpr static std::size_t const sizes[] = {13ul, 29ul, 53ul, 97ul,
                         ~~~~~^
/usr/local/include/boost/unordered/detail/prime_fmod.hpp:37:37: error: expected ';' at end of declaration list
        constexpr static std::size_t const sizes[] = {13ul, 29ul, 53ul, 97ul,
                                    ^
                                    ;
/usr/local/include/boost/unordered/detail/prime_fmod.hpp:51:9: error: unknown type name 'constexpr'
        constexpr static std::size_t const sizes_len =
        ^
/usr/local/include/boost/unordered/detail/prime_fmod.hpp:51:31: error: non-friend class member 'size_t' cannot have a qualified name
        constexpr static std::size_t const sizes_len =
                         ~~~~~^
/usr/local/include/boost/unordered/detail/prime_fmod.hpp:51:31: error: no member named 'size_t' in namespace 'std'
        constexpr static std::size_t const sizes_len =
                         ~~~~~^
/usr/local/include/boost/unordered/detail/prime_fmod.hpp:51:37: error: expected ';' at end of declaration list
        constexpr static std::size_t const sizes_len =
                                    ^
                                    ;
/usr/local/include/boost/unordered/detail/prime_fmod.hpp:55:9: error: unknown type name 'constexpr'
        constexpr static boost::uint64_t const inv_sizes32[] = {
        ^
/usr/local/include/boost/unordered/detail/prime_fmod.hpp:55:33: error: non-friend class member 'uint64_t' cannot have a qualified name
        constexpr static boost::uint64_t const inv_sizes32[] = {
                         ~~~~~~~^
/usr/local/include/boost/unordered/detail/prime_fmod.hpp:55:33: error: no member named 'uint64_t' in namespace 'boost'
        constexpr static boost::uint64_t const inv_sizes32[] = {
                         ~~~~~~~^
/usr/local/include/boost/unordered/detail/prime_fmod.hpp:55:41: error: expected ';' at end of declaration list
        constexpr static boost::uint64_t const inv_sizes32[] = {
                                        ^
                                        ;
/usr/local/include/boost/unordered/detail/prime_fmod.hpp:66:9: error: unknown type name 'constexpr'
        constexpr static std::size_t const inv_sizes32_len =
        ^
/usr/local/include/boost/unordered/detail/prime_fmod.hpp:66:31: error: non-friend class member 'size_t' cannot have a qualified name
        constexpr static std::size_t const inv_sizes32_len =
                         ~~~~~^
fatal error: too many errors emitted, stopping now [-ferror-limit=]
1 warning and 20 errors generated.
configure:5786: $? = 1
configure: failed program was:
| /* confdefs.h */
| #define PACKAGE_NAME ""
| #define PACKAGE_TARNAME ""
| #define PACKAGE_VERSION ""
| #define PACKAGE_STRING ""
| #define PACKAGE_BUGREPORT ""
| #define PACKAGE_URL ""
| #define SDCC_VERSION_LO 2
| #define SDCC_VERSION_HI 4
| #define SDCC_VERSION_P 14
| #define SDCC_VERSION_STR "4.2.14"
| #define HAVE_STDIO_H 1
| #define HAVE_STDLIB_H 1
| #define HAVE_STRING_H 1
| #define HAVE_INTTYPES_H 1
| #define HAVE_STDINT_H 1
| #define HAVE_STRINGS_H 1
| #define HAVE_SYS_STAT_H 1
| #define HAVE_SYS_TYPES_H 1
| #define HAVE_UNISTD_H 1
| #define STDC_HEADERS 1
| #define HAVE_MACHINE_ENDIAN_H 1
| /* end confdefs.h.  */
| #include <stddef.h>
| #ifdef HAVE_STDIO_H
| # include <stdio.h>
| #endif
| #ifdef HAVE_STDLIB_H
| # include <stdlib.h>
| #endif
| #ifdef HAVE_STRING_H
| # include <string.h>
| #endif
| #ifdef HAVE_INTTYPES_H
| # include <inttypes.h>
| #endif
| #ifdef HAVE_STDINT_H
| # include <stdint.h>
| #endif
| #ifdef HAVE_STRINGS_H
| # include <strings.h>
| #endif
| #ifdef HAVE_SYS_TYPES_H
| # include <sys/types.h>
| #endif
| #ifdef HAVE_SYS_STAT_H
| # include <sys/stat.h>
| #endif
| #ifdef HAVE_UNISTD_H
| # include <unistd.h>
| #endif
| #include <boost/graph/adjacency_list.hpp>
configure:5786: result: no
configure:5792: error: boost library not found (boost/graph/adjacency_list.hpp).

## ---------------- ##
## Cache variables. ##
## ---------------- ##

ac_cv_build=arm-apple-darwin23.2.0
ac_cv_c_compiler_gnu=yes
ac_cv_cxx_compiler_gnu=yes
ac_cv_env_CCC_set=
ac_cv_env_CCC_value=
ac_cv_env_CC_set=
ac_cv_env_CC_value=
ac_cv_env_CFLAGS_set=
ac_cv_env_CFLAGS_value=
ac_cv_env_CPPFLAGS_set=
ac_cv_env_CPPFLAGS_value=
ac_cv_env_CPP_set=
ac_cv_env_CPP_value=
ac_cv_env_CXXFLAGS_set=
ac_cv_env_CXXFLAGS_value=
ac_cv_env_CXX_set=
ac_cv_env_CXX_value=
ac_cv_env_LDFLAGS_set=
ac_cv_env_LDFLAGS_value=
ac_cv_env_LIBS_set=
ac_cv_env_LIBS_value=
ac_cv_env_LIB_TYPE_set=
ac_cv_env_LIB_TYPE_value=
ac_cv_env_PYTHON_set=
ac_cv_env_PYTHON_value=
ac_cv_env_build_alias_set=
ac_cv_env_build_alias_value=
ac_cv_env_docdir_set=set
ac_cv_env_docdir_value='${datarootdir}/doc/${PACKAGE}'
ac_cv_env_host_alias_set=
ac_cv_env_host_alias_value=
ac_cv_env_inclib_dir_suffix_set=
ac_cv_env_inclib_dir_suffix_value=
ac_cv_env_include_dir_suffix_set=
ac_cv_env_include_dir_suffix_value=
ac_cv_env_lib_dir_suffix_set=
ac_cv_env_lib_dir_suffix_value=
ac_cv_env_non_free_inclib_dir_suffix_set=
ac_cv_env_non_free_inclib_dir_suffix_value=
ac_cv_env_non_free_include_dir_suffix_set=
ac_cv_env_non_free_include_dir_suffix_value=
ac_cv_env_non_free_lib_dir_suffix_set=
ac_cv_env_non_free_lib_dir_suffix_value=
ac_cv_env_sdccconf_h_dir_separator_set=
ac_cv_env_sdccconf_h_dir_separator_value=
ac_cv_env_target_alias_set=
ac_cv_env_target_alias_value=
ac_cv_header_boost_graph_adjacency_list_hpp=no
ac_cv_header_endian_h=no
ac_cv_header_gala_graph_h=no
ac_cv_header_inttypes_h=yes
ac_cv_header_machine_endian_h=yes
ac_cv_header_stdint_h=yes
ac_cv_header_stdio_h=yes
ac_cv_header_stdlib_h=yes
ac_cv_header_string_h=yes
ac_cv_header_strings_h=yes
ac_cv_header_sys_endian_h=no
ac_cv_header_sys_isa_defs_h=no
ac_cv_header_sys_stat_h=yes
ac_cv_header_sys_types_h=yes
ac_cv_header_treedec_combinations_hpp=no
ac_cv_header_uchar_h=no
ac_cv_header_unistd_h=yes
ac_cv_host=arm-apple-darwin23.2.0
ac_cv_objext=o
ac_cv_path_PYTHON=/opt/local/bin/python3
ac_cv_path_install='/usr/bin/install -c'
ac_cv_prog_AR=ar
ac_cv_prog_AS=as
ac_cv_prog_AUTOCONF=autoconf
ac_cv_prog_AWK=awk
ac_cv_prog_CP=cp
ac_cv_prog_CPP='gcc -E'
ac_cv_prog_LEX=flex
ac_cv_prog_M4=gm4
ac_cv_prog_STRIP=strip
ac_cv_prog_YACC='bison -y'
ac_cv_prog_ac_ct_CC=gcc
ac_cv_prog_ac_ct_CXX=g++
ac_cv_prog_ac_ct_RANLIB=ranlib
ac_cv_prog_cc_c11=
ac_cv_prog_cc_g=yes
ac_cv_prog_cc_stdc=
ac_cv_prog_cxx_11=no
ac_cv_prog_cxx_g=yes
ac_cv_prog_cxx_stdcxx=
am_cv_pathless_PYTHON=python3
am_cv_python_platform=darwin
am_cv_python_pyexecdir='${exec_prefix}/lib/python3.12/site-packages'
am_cv_python_pythondir='${prefix}/lib/python3.12/site-packages'
am_cv_python_version=3.12
sdcc_cv_version=4.2.14
sdcc_cv_versionhi=4
sdcc_cv_versionlo=2
sdcc_cv_versionp=14

## ----------------- ##
## Output variables. ##
## ----------------- ##

AR='ar'
AS='as'
AUTOCONF='autoconf'
AWK='awk'
C99_FLAG=''
CC='gcc'
CCACHE=''
CFLAGS='-g -O2'
CP='cp'
CPP='gcc -E'
CPPFLAGS=''
CXX='g++'
CXXFLAGS='-g -O2'
DEFS=''
DVIPDFM=''
ECHO_C='\c'
ECHO_N=''
ECHO_T=''
EXEEXT=''
GIT_REVISION=''
HAVE_CXX11=''
INSTALL_DATA='${INSTALL} -m 644'
INSTALL_PROGRAM='${INSTALL}'
INSTALL_SCRIPT='${INSTALL}'
LATEX2HTML=''
LATEX=''
LDFLAGS=''
LEX='flex'
LIBOBJS=''
LIBS=''
LIB_TYPE=''
LTLIBOBJS=''
LYX=''
M4='gm4'
MAKEDEP=''
MAKEDEP_CXX=''
MAKEINDEX=''
OBJEXT='o'
OPT_DISABLE_AVR=''
OPT_DISABLE_DEVICE_LIB=''
OPT_DISABLE_DS390=''
OPT_DISABLE_DS400=''
OPT_DISABLE_EZ80_Z80=''
OPT_DISABLE_HC08=''
OPT_DISABLE_MCS51=''
OPT_DISABLE_MOS6502=''
OPT_DISABLE_MOS65C02=''
OPT_DISABLE_NON_FREE=''
OPT_DISABLE_PACKIHX=''
OPT_DISABLE_PDK13=''
OPT_DISABLE_PDK14=''
OPT_DISABLE_PDK15=''
OPT_DISABLE_PDK16=''
OPT_DISABLE_PIC14=''
OPT_DISABLE_PIC16=''
OPT_DISABLE_R2K=''
OPT_DISABLE_R2KA=''
OPT_DISABLE_R3KA=''
OPT_DISABLE_S08=''
OPT_DISABLE_SDBINUTILS=''
OPT_DISABLE_SDCDB=''
OPT_DISABLE_SDCPP=''
OPT_DISABLE_SM83=''
OPT_DISABLE_STM8=''
OPT_DISABLE_TLCS90=''
OPT_DISABLE_UCSIM=''
OPT_DISABLE_Z180=''
OPT_DISABLE_Z80=''
OPT_DISABLE_Z80N=''
OPT_ENABLE_DOC=''
OPT_ENABLE_LIBGC=''
PACKAGE='sdcc'
PACKAGE_BUGREPORT=''
PACKAGE_NAME=''
PACKAGE_STRING=''
PACKAGE_TARNAME=''
PACKAGE_URL=''
PACKAGE_VERSION=''
PATH_SEPARATOR=':'
PDFLATEX=''
PYTHON='/opt/local/bin/python3'
PYTHON_EXEC_PREFIX='${exec_prefix}'
PYTHON_PLATFORM='darwin'
PYTHON_PREFIX='${prefix}'
PYTHON_VERSION='3.12'
RANLIB='ranlib'
SHELL='/bin/sh'
STRIP='strip'
SVN_REVISION=''
VERSION='4.2.14'
VERSIONHI='4'
VERSIONLO='2'
VERSIONP='14'
WALL_FLAG=''
YACC='bison -y'
ac_ct_CC='gcc'
ac_ct_CXX='g++'
bindir='${exec_prefix}/bin'
build='arm-apple-darwin23.2.0'
build_alias=''
build_cpu='arm'
build_os='darwin23.2.0'
build_vendor='apple'
datadir='${datarootdir}'
datarootdir='${prefix}/share'
docdir='${datarootdir}/doc/${PACKAGE}'
dvidir='${docdir}'
exec_prefix='NONE'
host='arm-apple-darwin23.2.0'
host_alias=''
host_cpu='arm'
host_os='darwin23.2.0'
host_vendor='apple'
htmldir='${docdir}'
inclib_dir_suffix=''
include_dir_suffix=''
includedir='${prefix}/include'
infodir='${datarootdir}/info'
lib_dir_suffix=''
libdir='${exec_prefix}/lib'
libexecdir='${exec_prefix}/libexec'
localedir='${datarootdir}/locale'
localstatedir='${prefix}/var'
mandir='${datarootdir}/man'
non_free_inclib_dir_suffix=''
non_free_include_dir_suffix=''
non_free_lib_dir_suffix=''
oldincludedir='/usr/include'
pdfdir='${docdir}'
pkgpyexecdir='${pyexecdir}/sdcc'
pkgpythondir='${pythondir}/sdcc'
prefix='NONE'
program_transform_name='s,x,x,'
psdir='${docdir}'
pyexecdir='${exec_prefix}/lib/python3.12/site-packages'
pythondir='${prefix}/lib/python3.12/site-packages'
runstatedir='${localstatedir}/run'
sbindir='${exec_prefix}/sbin'
sdccconf_h_dir_separator=''
sharedstatedir='${prefix}/com'
subdirs=''
sysconfdir='${prefix}/etc'
target_alias=''

## ----------- ##
## confdefs.h. ##
## ----------- ##

/* confdefs.h */
#define PACKAGE_NAME ""
#define PACKAGE_TARNAME ""
#define PACKAGE_VERSION ""
#define PACKAGE_STRING ""
#define PACKAGE_BUGREPORT ""
#define PACKAGE_URL ""
#define SDCC_VERSION_LO 2
#define SDCC_VERSION_HI 4
#define SDCC_VERSION_P 14
#define SDCC_VERSION_STR "4.2.14"
#define HAVE_STDIO_H 1
#define HAVE_STDLIB_H 1
#define HAVE_STRING_H 1
#define HAVE_INTTYPES_H 1
#define HAVE_STDINT_H 1
#define HAVE_STRINGS_H 1
#define HAVE_SYS_STAT_H 1
#define HAVE_SYS_TYPES_H 1
#define HAVE_UNISTD_H 1
#define STDC_HEADERS 1
#define HAVE_MACHINE_ENDIAN_H 1

configure: exit 1
